<?xml version="1.0" encoding="utf-8"?><testsuites name="pytest tests"><testsuite name="pytest" errors="0" failures="0" skipped="0" tests="26" time="3.519" timestamp="2026-05-12T21:05:04.602356+00:00" hostname="agent-env-cb6105df-ebcf-4cd6-a794-97afff7bb763"><testcase classname="backend.tests.backend_test" name="test_health" time="0.003" /><testcase classname="backend.tests.backend_test" name="test_categories" time="0.042" /><testcase classname="backend.tests.backend_test" name="test_register_customer" time="0.310" /><testcase classname="backend.tests.backend_test" name="test_register_specialist" time="0.531" /><testcase classname="backend.tests.backend_test" name="test_register_duplicate_phone" time="0.043" /><testcase classname="backend.tests.backend_test" name="test_login_success" time="0.265" /><testcase classname="backend.tests.backend_test" name="test_login_wrong_password" time="0.264" /><testcase classname="backend.tests.backend_test" name="test_me" time="0.044" /><testcase classname="backend.tests.backend_test" name="test_me_unauth" time="0.042" /><testcase classname="backend.tests.backend_test" name="test_create_task_as_customer" time="0.054" /><testcase classname="backend.tests.backend_test" name="test_create_task_specialist_forbidden" time="0.044" /><testcase classname="backend.tests.backend_test" name="test_list_tasks_public_and_filters" time="0.135" /><testcase classname="backend.tests.backend_test" name="test_get_task_by_id" time="0.043" /><testcase classname="backend.tests.backend_test" name="test_get_my_tasks" time="0.044" /><testcase classname="backend.tests.backend_test" name="test_apply_as_specialist" time="0.090" /><testcase classname="backend.tests.backend_test" name="test_apply_customer_forbidden" time="0.044" /><testcase classname="backend.tests.backend_test" name="test_duplicate_application" time="0.043" /><testcase classname="backend.tests.backend_test" name="test_list_apps_owner_only" time="0.087" /><testcase classname="backend.tests.backend_test" name="test_applications_mine" time="0.044" /><testcase classname="backend.tests.backend_test" name="test_accept_application" time="0.138" /><testcase classname="backend.tests.backend_test" name="test_apply_to_non_open_task" time="0.351" /><testcase classname="backend.tests.backend_test" name="test_chats_after_accept" time="0.089" /><testcase classname="backend.tests.backend_test" name="test_messages_empty_then_send" time="0.219" /><testcase classname="backend.tests.backend_test" name="test_get_specialist_profile" time="0.043" /><testcase classname="backend.tests.backend_test" name="test_update_profile" time="0.045" /><testcase classname="backend.tests.backend_test" name="test_delete_task_owner_only" time="0.174" /></testsuite></testsuites>