<?xml version="1.0" encoding="utf-8"?><testsuites name="pytest tests"><testsuite name="pytest" errors="0" failures="0" skipped="0" tests="37" time="6.446" timestamp="2026-05-12T21:25:51.196484+00:00" hostname="agent-env-cb6105df-ebcf-4cd6-a794-97afff7bb763"><testcase classname="backend.tests.backend_test" name="test_health" time="0.186" /><testcase classname="backend.tests.backend_test" name="test_categories" time="0.067" /><testcase classname="backend.tests.backend_test" name="test_register_customer" time="0.302" /><testcase classname="backend.tests.backend_test" name="test_register_specialist" time="0.624" /><testcase classname="backend.tests.backend_test" name="test_register_duplicate_phone" time="0.066" /><testcase classname="backend.tests.backend_test" name="test_login_success" time="0.292" /><testcase classname="backend.tests.backend_test" name="test_login_wrong_password" time="0.292" /><testcase classname="backend.tests.backend_test" name="test_me" time="0.069" /><testcase classname="backend.tests.backend_test" name="test_me_unauth" time="0.068" /><testcase classname="backend.tests.backend_test" name="test_create_task_as_customer" time="0.080" /><testcase classname="backend.tests.backend_test" name="test_create_task_specialist_forbidden" time="0.066" /><testcase classname="backend.tests.backend_test" name="test_list_tasks_public_and_filters" time="0.220" /><testcase classname="backend.tests.backend_test" name="test_get_task_by_id" time="0.074" /><testcase classname="backend.tests.backend_test" name="test_get_my_tasks" time="0.073" /><testcase classname="backend.tests.backend_test" name="test_apply_as_specialist" time="0.157" /><testcase classname="backend.tests.backend_test" name="test_apply_customer_forbidden" time="0.077" /><testcase classname="backend.tests.backend_test" name="test_duplicate_application" time="0.091" /><testcase classname="backend.tests.backend_test" name="test_list_apps_owner_only" time="0.150" /><testcase classname="backend.tests.backend_test" name="test_applications_mine" time="0.068" /><testcase classname="backend.tests.backend_test" name="test_accept_application" time="0.229" /><testcase classname="backend.tests.backend_test" name="test_apply_to_non_open_task" time="0.422" /><testcase classname="backend.tests.backend_test" name="test_chats_after_accept" time="0.134" /><testcase classname="backend.tests.backend_test" name="test_messages_empty_then_send" time="0.345" /><testcase classname="backend.tests.backend_test" name="test_get_specialist_profile" time="0.066" /><testcase classname="backend.tests.backend_test" name="test_update_profile" time="0.076" /><testcase classname="backend.tests.backend_test" name="test_delete_task_owner_only" time="0.289" /><testcase classname="backend.tests.backend_test" name="test_stories_endpoint" time="0.072" /><testcase classname="backend.tests.backend_test" name="test_profile_lat_lng_update" time="0.137" /><testcase classname="backend.tests.backend_test" name="test_upload_photo_requires_auth" time="0.132" /><testcase classname="backend.tests.backend_test" name="test_upload_photo_unsupported_type" time="0.193" /><testcase classname="backend.tests.backend_test" name="test_upload_and_download_photo" time="0.613" /><testcase classname="backend.tests.backend_test" name="test_download_missing_file_404" time="0.165" /><testcase classname="backend.tests.backend_test" name="test_create_task_with_geo_and_photos" time="0.137" /><testcase classname="backend.tests.backend_test" name="test_get_task_with_distance" time="0.065" /><testcase classname="backend.tests.backend_test" name="test_list_tasks_default_distance_sort_when_geo_provided" time="0.068" /><testcase classname="backend.tests.backend_test" name="test_list_tasks_explicit_distance_sort" time="0.071" /><testcase classname="backend.tests.backend_test" name="test_list_tasks_without_geo_no_distance" time="0.065" /></testsuite></testsuites>